{"name": "Verify ðŸ›‘ Failed !that the Framework is working", "status": "failed", "statusDetails": {"message": "AssertionError: assert True == False", "trace": "@allure.step(\"Step 1\")\n    @allure.title(\"Verify ðŸ›‘ Failed !that the Framework is working\")\n    def test_sample_pass():\n>       assert True == False\nE       assert True == False\n\nsrc/tests/sample/test_sample.py:6: AssertionError"}, "steps": [{"name": "Step 1", "status": "failed", "statusDetails": {"message": "AssertionError: assert True == False\n", "trace": "  File \"/Library/Frameworks/Python.framework/Versions/3.13/lib/python3.13/site-packages/allure_commons/_allure.py\", line 202, in impl\n    return func(*a, **kw)\n  File \"/Users/ankesh/PycharmProjects/PyATB6xAPIAutoamtionFramework/src/tests/sample/test_sample.py\", line 6, in test_sample_pass\n    assert True == False\n"}, "start": 1768854625601, "stop": 1768854625601}], "start": 1768854625601, "stop": 1768854625601, "uuid": "dbd3c8fc-9687-4f3a-b1ca-8df69c9d9a53", "historyId": "af819de0dd65d8738e9cdee07c3854f1", "testCaseId": "af819de0dd65d8738e9cdee07c3854f1", "fullName": "src.tests.sample.test_sample#test_sample_pass", "labels": [{"name": "parentSuite", "value": "src.tests.sample"}, {"name": "suite", "value": "test_sample"}, {"name": "host", "value": "Ankeshs-MacBook-Pro.local"}, {"name": "thread", "value": "5720-MainThread"}, {"name": "framework", "value": "pytest"}, {"name": "language", "value": "cpython3"}, {"name": "package", "value": "src.tests.sample.test_sample"}], "titlePath": ["src", "tests", "sample", "test_sample.py"]}